#
# There is insufficient memory for the Java Runtime Environment to continue.
# Native memory allocation (malloc) failed to allocate 1048576 bytes for AllocateHeap
# Possible reasons:
#   The system is out of physical RAM or swap space
#   In 32 bit mode, the process size limit was hit
# Possible solutions:
#   Reduce memory load on the system
#   Increase physical memory or swap space
#   Check if swap backing store is full
#   Use 64 bit Java on a 64 bit OS
#   Decrease Java heap size (-Xmx/-Xms)
#   Decrease number of Java threads
#   Decrease Java thread stack sizes (-Xss)
#   Set larger code cache with -XX:ReservedCodeCacheSize=
# This output file may be truncated or incomplete.
#
#  Out of Memory Error (memory/allocation.inline.hpp:61), pid=8872, tid=0x0000000000001ab8
#
# JRE version:  (8.0) (build )
# Java VM: OpenJDK 64-Bit Server VM (25.71-b00 mixed mode windows-amd64 compressed oops)
# Failed to write core dump. Minidumps are not enabled by default on client versions of Windows
#

---------------  T H R E A D  ---------------

Current thread (0x0000000002d42800):  JavaThread "Unknown thread" [_thread_in_vm, id=6840, stack(0x0000000002bf0000,0x0000000002cf0000)]

Stack: [0x0000000002bf0000,0x0000000002cf0000]
[error occurred during error reporting (printing stack bounds), id 0xc0000005]

Native frames: (J=compiled Java code, j=interpreted, Vv=VM code, C=native code)


---------------  P R O C E S S  ---------------

Java Threads: ( => current thread )

Other Threads:

=>0x0000000002d42800 (exited) JavaThread "Unknown thread" [_thread_in_vm, id=6840, stack(0x0000000002bf0000,0x0000000002cf0000)]

VM state:not at safepoint (normal execution)

VM Mutex/Monitor currently owned by a thread: None

Heap:
 PSYoungGen      total 38400K, used 665K [0x00000000d5b00000, 0x00000000d8580000, 0x0000000100000000)
  eden space 33280K, 2% used [0x00000000d5b00000,0x00000000d5ba6670,0x00000000d7b80000)
  from space 5120K, 0% used [0x00000000d8080000,0x00000000d8080000,0x00000000d8580000)
  to   space 5120K, 0% used [0x00000000d7b80000,0x00000000d7b80000,0x00000000d8080000)
 ParOldGen       total 87552K, used 0K [0x0000000081000000, 0x0000000086580000, 0x00000000d5b00000)
  object space 87552K, 0% used [0x0000000081000000,0x0000000081000000,0x0000000086580000)
 Metaspace       used 777K, capacity 4480K, committed 4480K, reserved 1056768K
  class space    used 74K, capacity 384K, committed 384K, reserved 1048576K

Card table byte_map: [0x00000000122d0000,0x00000000126d0000] byte_map_base: 0x0000000011ec8000

Marking Bits: (ParMarkBitMap*) 0x0000000055d8be50
 Begin Bits: [0x0000000012d80000, 0x0000000014d40000)
 End Bits:   [0x0000000014d40000, 0x0000000016d00000)

Polling page: 0x0000000000be0000

CodeCache: size=245760Kb used=328Kb max_used=328Kb free=245431Kb
 bounds [0x0000000002f10000, 0x0000000003180000, 0x0000000011f10000]
 total_blobs=57 nmethods=0 adapters=38
 compilation: enabled

Compilation events (0 events):
No events

GC Heap History (0 events):
No events

Deoptimization events (0 events):
No events

Classes redefined (0 events):
No events

Internal exceptions (0 events):
No events

Events (10 events):
Event: 0.083 loading class java/lang/Short
Event: 0.083 loading class java/lang/Short done
Event: 0.083 loading class java/lang/Integer
Event: 0.083 loading class java/lang/Integer done
Event: 0.083 loading class java/lang/Long
Event: 0.083 loading class java/lang/Long done
Event: 0.085 loading class java/lang/NullPointerException
Event: 0.085 loading class java/lang/NullPointerException done
Event: 0.085 loading class java/lang/ArithmeticException
Event: 0.085 loading class java/lang/ArithmeticException done


Dynamic libraries:
0x00007ff7a1f70000 - 0x00007ff7a1fa5000 	C:\Program Files\Unity\Hub\Editor\2019.2.16f1\Editor\Data\PlaybackEngines\AndroidPlayer\OpenJDK\bin\java.exe
0x00007fffdbda0000 - 0x00007fffdbf90000 	C:\WINDOWS\SYSTEM32\ntdll.dll
0x00007fffdbb40000 - 0x00007fffdbbf2000 	C:\WINDOWS\System32\KERNEL32.DLL
0x00007fffd9550000 - 0x00007fffd97f3000 	C:\WINDOWS\System32\KERNELBASE.dll
0x00007fffdb340000 - 0x00007fffdb3e3000 	C:\WINDOWS\System32\ADVAPI32.dll
0x00007fffdb1c0000 - 0x00007fffdb25e000 	C:\WINDOWS\System32\msvcrt.dll
0x00007fffdb4b0000 - 0x00007fffdb547000 	C:\WINDOWS\System32\sechost.dll
0x00007fffdb780000 - 0x00007fffdb8a0000 	C:\WINDOWS\System32\RPCRT4.dll
0x00007fffdb9a0000 - 0x00007fffdbb34000 	C:\WINDOWS\System32\USER32.dll
0x00007fffd9d70000 - 0x00007fffd9d91000 	C:\WINDOWS\System32\win32u.dll
0x00007fffda540000 - 0x00007fffda566000 	C:\WINDOWS\System32\GDI32.dll
0x00007fffd9a70000 - 0x00007fffd9c04000 	C:\WINDOWS\System32\gdi32full.dll
0x00007fffd9800000 - 0x00007fffd989e000 	C:\WINDOWS\System32\msvcp_win.dll
0x00007fffd9c70000 - 0x00007fffd9d6a000 	C:\WINDOWS\System32\ucrtbase.dll
0x00007fffc85e0000 - 0x00007fffc8865000 	C:\WINDOWS\WinSxS\amd64_microsoft.windows.common-controls_6595b64144ccf1df_6.0.18362.535_none_e6c3b34713100821\COMCTL32.dll
0x00007fffda050000 - 0x00007fffda386000 	C:\WINDOWS\System32\combase.dll
0x00007fffd94d0000 - 0x00007fffd9550000 	C:\WINDOWS\System32\bcryptPrimitives.dll
0x00007fffdb8a0000 - 0x00007fffdb8ce000 	C:\WINDOWS\System32\IMM32.DLL
0x0000000055e10000 - 0x0000000055ee2000 	C:\Program Files\Unity\Hub\Editor\2019.2.16f1\Editor\Data\PlaybackEngines\AndroidPlayer\OpenJDK\jre\bin\msvcr100.dll
0x00000000555c0000 - 0x0000000055e09000 	C:\Program Files\Unity\Hub\Editor\2019.2.16f1\Editor\Data\PlaybackEngines\AndroidPlayer\OpenJDK\jre\bin\server\jvm.dll
0x00007fffdb260000 - 0x00007fffdb268000 	C:\WINDOWS\System32\PSAPI.DLL
0x00007fffd6ca0000 - 0x00007fffd6cc4000 	C:\WINDOWS\SYSTEM32\WINMM.dll
0x00007fffcb540000 - 0x00007fffcb54a000 	C:\WINDOWS\SYSTEM32\VERSION.dll
0x00007fffd55a0000 - 0x00007fffd55a9000 	C:\WINDOWS\SYSTEM32\WSOCK32.dll
0x00007fffd6820000 - 0x00007fffd684d000 	C:\WINDOWS\SYSTEM32\WINMMBASE.dll
0x00007fffdb710000 - 0x00007fffdb77f000 	C:\WINDOWS\System32\WS2_32.dll
0x00007fffd98a0000 - 0x00007fffd98ea000 	C:\WINDOWS\System32\cfgmgr32.dll
0x00007fffd44e0000 - 0x00007fffd44ef000 	C:\Program Files\Unity\Hub\Editor\2019.2.16f1\Editor\Data\PlaybackEngines\AndroidPlayer\OpenJDK\jre\bin\verify.dll
0x00007fffc76c0000 - 0x00007fffc76e9000 	C:\Program Files\Unity\Hub\Editor\2019.2.16f1\Editor\Data\PlaybackEngines\AndroidPlayer\OpenJDK\jre\bin\java.dll
0x00007fffcd3f0000 - 0x00007fffcd406000 	C:\Program Files\Unity\Hub\Editor\2019.2.16f1\Editor\Data\PlaybackEngines\AndroidPlayer\OpenJDK\jre\bin\zip.dll

VM Arguments:
java_command: com.android.manifmerger.Merger --main C:\Users\Daniel\Desktop\UnityProjects\JumpGame\BalloonsCompanyProducts\NovelleAR0\Assets\EasyMobile\Editor\Templates\Manifests\Manifest_Main.xml --out C:\Users\Daniel\Desktop\UnityProjects\JumpGame\BalloonsCompanyProducts\NovelleAR0\Assets\Plugins\Android\EasyMobile\AndroidManifest.xml
java_class_path (initial): .\ManifMerger\annotations-12.0.jar;.\ManifMerger\annotations-25.3.0.jar;.\ManifMerger\bcpkix-jdk15on-1.48.jar;.\ManifMerger\bcprov-jdk15on-1.48.jar;.\ManifMerger\builder-model-2.3.0.jar;.\ManifMerger\builder-test-api-2.3.0.jar;.\ManifMerger\common-25.3.0.jar;.\ManifMerger\commons-codec-1.4.jar;.\ManifMerger\commons-compress-1.8.1.jar;.\ManifMerger\commons-logging-1.1.1.jar;.\ManifMerger\ddmlib-25.3.0.jar;.\ManifMerger\dvlib-25.3.0.jar;.\ManifMerger\gson-2.2.4.jar;.\ManifMerger\guava-18.0.jar;.\ManifMerger\httpclient-4.1.1.jar;.\ManifMerger\httpcore-4.1.jar;.\ManifMerger\httpmime-4.1.jar;.\ManifMerger\jimfs-1.1.jar;.\ManifMerger\kxml2-2.3.0.jar;.\ManifMerger\layoutlib-api-25.3.0.jar;.\ManifMerger\manifest-merger-25.3.0.jar;.\ManifMerger\repository-25.3.0.jar;.\ManifMerger\sdk-common-25.3.0.jar;.\ManifMerger\sdklib-25.3.0.jar
Launcher Type: SUN_STANDARD

Environment Variables:
JAVA_HOME=C:/Program Files/Unity/Hub/Editor/2019.2.16f1/Editor/Data/PlaybackEngines/AndroidPlayer/Tools\OpenJDK\Windows
PATH=C:\Program Files (x86)\NVIDIA Corporation\PhysX\Common;C:\WINDOWS\system32;C:\WINDOWS;C:\WINDOWS\System32\Wbem;C:\WINDOWS\System32\WindowsPowerShell\v1.0\;C:\Program Files (x86)\GtkSharp\2.12\bin;C:\WINDOWS\System32\OpenSSH\;C:\Program Files\Java\jre1.8.0_211\bin;C:\Program Files\Java\jdk1.8.0_211\bin;C:\Program Files (x86)\Common Files\Acronis\SnapAPI\;C:\Users\Daniel\Downloads\Maven\apache-maven-3.6.1\bin;C:\Users\Daniel\Downloads\PHP;C:\Program Files\Git\cmd;C:\Users\Daniel\AppData\Local\GitHubDesktop\bin;C:\Program Files\JetBrains\JetBrains Rider 2019.2.3\bin;
USERNAME=Daniel
OS=Windows_NT
PROCESSOR_IDENTIFIER=Intel64 Family 6 Model 42 Stepping 7, GenuineIntel



---------------  S Y S T E M  ---------------

OS: Windows 10.0 , 64 bit Build 18362 (10.0.18362.329)

CPU:total 4 (initial active 4) (2 cores per cpu, 2 threads per core) family 6 model 42 stepping 7, cmov, cx8, fxsr, mmx, sse, sse2, sse3, ssse3, sse4.1, sse4.2, popcnt, avx, aes, clmul, ht, tsc, tscinvbit

Memory: 4k page, physical 8321388k(1073952k free), swap 11467116k(5220k free)

vm_info: OpenJDK 64-Bit Server VM (25.71-b00) for windows-amd64 JRE (1.8.0-adoptopenjdk-_2018_05_19_00_59-b00), built on May 19 2018 01:02:12 by "jenkins" with MS VC++ 10.0 (VS2010)

time: Fri Dec 27 14:09:48 2019
elapsed time: 0 seconds (0d 0h 0m 0s)

